0 info it worked if it ends with ok
1 verbose cli [ 'C:\\Program Files\\nodejs\\node.exe',
1 verbose cli   'C:\\Program Files\\nodejs\\node_modules\\npm\\bin\\npm-cli.js',
1 verbose cli   'run',
1 verbose cli   'server' ]
2 info using npm@3.10.10
3 info using node@v6.10.1
4 verbose run-script [ 'preserver', 'server', 'postserver' ]
5 info lifecycle ng2-fundamentals-demo@1.0.0~preserver: ng2-fundamentals-demo@1.0.0
6 silly lifecycle ng2-fundamentals-demo@1.0.0~preserver: no script for preserver, continuing
7 info lifecycle ng2-fundamentals-demo@1.0.0~server: ng2-fundamentals-demo@1.0.0
8 verbose lifecycle ng2-fundamentals-demo@1.0.0~server: unsafe-perm in lifecycle true
9 verbose lifecycle ng2-fundamentals-demo@1.0.0~server: PATH: C:\Users\erics\AppData\Roaming\nvm\v6.10.1\node_modules\npm\bin\node-gyp-bin;c:\proj\personal\angular2-fundamentamentals\node_modules\.bin;C:\Users\erics\AppData\Roaming\nvm\v6.10.1\node_modules\npm\bin\node-gyp-bin;c:\proj\personal\angular2-fundamentamentals\node_modules\.bin;C:\proj\tools\cmder_mini\bin;C:\proj\tools\cmder_mini\vendor\conemu-maximus5\ConEmu\Scripts;C:\proj\tools\cmder_mini\vendor\conemu-maximus5;C:\proj\tools\cmder_mini\vendor\conemu-maximus5\ConEmu;C:\app\client\test\product\12.1.0\client\bin;C:\Windows\system32;C:\Windows;C:\Windows\System32\Wbem;C:\Windows\System32\WindowsPowerShell\v1.0\;C:\Program Files\Git\cmd;%NVM_HOME%;%NVM_SYMLINK%;C:\proj\tools\cmder_mini;C:\Users\erics\AppData\Local\Microsoft\WindowsApps;C:\Program Files (x86)\Microsoft VS Code\bin;C:\Users\erics\AppData\Roaming\npm;C:\Users\erics\AppData\Roaming\nvm;C:\Program Files\nodejs;C:\Program Files\Git\usr\bin;C:\Program Files\Git\usr\share\vim\vim74;C:\proj\tools\cmder_mini\
10 verbose lifecycle ng2-fundamentals-demo@1.0.0~server: CWD: c:\proj\personal\angular2-fundamentamentals
11 silly lifecycle ng2-fundamentals-demo@1.0.0~server: Args: [ '/d /s /c', 'node node_modules/ng2f-server/server.js' ]
12 silly lifecycle ng2-fundamentals-demo@1.0.0~server: Returned: code: 1  signal: null
13 info lifecycle ng2-fundamentals-demo@1.0.0~server: Failed to exec server script
14 verbose stack Error: ng2-fundamentals-demo@1.0.0 server: `node node_modules/ng2f-server/server.js`
14 verbose stack Exit status 1
14 verbose stack     at EventEmitter.<anonymous> (C:\Users\erics\AppData\Roaming\nvm\v6.10.1\node_modules\npm\lib\utils\lifecycle.js:255:16)
14 verbose stack     at emitTwo (events.js:106:13)
14 verbose stack     at EventEmitter.emit (events.js:191:7)
14 verbose stack     at ChildProcess.<anonymous> (C:\Users\erics\AppData\Roaming\nvm\v6.10.1\node_modules\npm\lib\utils\spawn.js:40:14)
14 verbose stack     at emitTwo (events.js:106:13)
14 verbose stack     at ChildProcess.emit (events.js:191:7)
14 verbose stack     at maybeClose (internal/child_process.js:886:16)
14 verbose stack     at Process.ChildProcess._handle.onexit (internal/child_process.js:226:5)
15 verbose pkgid ng2-fundamentals-demo@1.0.0
16 verbose cwd c:\proj\personal\angular2-fundamentamentals
17 error Windows_NT 10.0.14393
18 error argv "C:\\Program Files\\nodejs\\node.exe" "C:\\Program Files\\nodejs\\node_modules\\npm\\bin\\npm-cli.js" "run" "server"
19 error node v6.10.1
20 error npm  v3.10.10
21 error code ELIFECYCLE
22 error ng2-fundamentals-demo@1.0.0 server: `node node_modules/ng2f-server/server.js`
22 error Exit status 1
23 error Failed at the ng2-fundamentals-demo@1.0.0 server script 'node node_modules/ng2f-server/server.js'.
23 error Make sure you have the latest version of node.js and npm installed.
23 error If you do, this is most likely a problem with the ng2-fundamentals-demo package,
23 error not with npm itself.
23 error Tell the author that this fails on your system:
23 error     node node_modules/ng2f-server/server.js
23 error You can get information on how to open an issue for this project with:
23 error     npm bugs ng2-fundamentals-demo
23 error Or if that isn't available, you can get their info via:
23 error     npm owner ls ng2-fundamentals-demo
23 error There is likely additional logging output above.
24 verbose exit [ 1, true ]
